{"C:\\xampp\\htdocs\\techTest_dot\\app.js": {"path":"C:\\xampp\\htdocs\\techTest_dot\\app.js","statementMap":{"0":{"start":{"line":1,"column":16},"end":{"line":1,"column":34}},"1":{"start":{"line":2,"column":19},"end":{"line":2,"column":41}},"2":{"start":{"line":3,"column":13},"end":{"line":3,"column":28}},"3":{"start":{"line":4,"column":15},"end":{"line":4,"column":32}},"4":{"start":{"line":6,"column":12},"end":{"line":6,"column":21}},"5":{"start":{"line":9,"column":19},"end":{"line":9,"column":49}},"6":{"start":{"line":10,"column":20},"end":{"line":10,"column":51}},"7":{"start":{"line":11,"column":22},"end":{"line":11,"column":55}},"8":{"start":{"line":13,"column":0},"end":{"line":13,"column":48}},"9":{"start":{"line":14,"column":0},"end":{"line":14,"column":26}},"10":{"start":{"line":15,"column":0},"end":{"line":15,"column":22}},"11":{"start":{"line":16,"column":0},"end":{"line":16,"column":15}},"12":{"start":{"line":19,"column":0},"end":{"line":19,"column":28}},"13":{"start":{"line":20,"column":0},"end":{"line":20,"column":30}},"14":{"start":{"line":21,"column":0},"end":{"line":21,"column":34}},"15":{"start":{"line":24,"column":0},"end":{"line":24,"column":45}},"16":{"start":{"line":26,"column":0},"end":{"line":28,"column":2}},"17":{"start":{"line":27,"column":4},"end":{"line":27,"column":33}},"18":{"start":{"line":31,"column":0},"end":{"line":31,"column":20}}},"fnMap":{"0":{"name":"(anonymous_0)","decl":{"start":{"line":26,"column":17},"end":{"line":26,"column":18}},"loc":{"start":{"line":26,"column":23},"end":{"line":28,"column":1}},"line":26}},"branchMap":{},"s":{"0":1,"1":1,"2":1,"3":1,"4":1,"5":1,"6":1,"7":1,"8":1,"9":1,"10":1,"11":1,"12":1,"13":1,"14":1,"15":1,"16":1,"17":1,"18":1},"f":{"0":1},"b":{},"_coverageSchema":"1a1c01bbd47fc00a2c39e90264f33305004495a9","hash":"35a5a1124f005007f6dbc08e9b49f8096f1ce802"}
,"C:\\xampp\\htdocs\\techTest_dot\\config\\db.js": {"path":"C:\\xampp\\htdocs\\techTest_dot\\config\\db.js","statementMap":{"0":{"start":{"line":1,"column":14},"end":{"line":1,"column":30}},"1":{"start":{"line":2,"column":15},"end":{"line":2,"column":32}},"2":{"start":{"line":3,"column":0},"end":{"line":3,"column":16}},"3":{"start":{"line":4,"column":68},"end":{"line":4,"column":79}},"4":{"start":{"line":6,"column":21},"end":{"line":12,"column":6}},"5":{"start":{"line":14,"column":4},"end":{"line":17,"column":8}},"6":{"start":{"line":15,"column":8},"end":{"line":15,"column":26}},"7":{"start":{"line":15,"column":17},"end":{"line":15,"column":26}},"8":{"start":{"line":24,"column":0},"end":{"line":24,"column":23}}},"fnMap":{"0":{"name":"(anonymous_0)","decl":{"start":{"line":14,"column":17},"end":{"line":14,"column":18}},"loc":{"start":{"line":14,"column":26},"end":{"line":17,"column":7}},"line":14}},"branchMap":{"0":{"loc":{"start":{"line":15,"column":8},"end":{"line":15,"column":26}},"type":"if","locations":[{"start":{"line":15,"column":8},"end":{"line":15,"column":26}},{"start":{},"end":{}}],"line":15}},"s":{"0":1,"1":1,"2":1,"3":1,"4":1,"5":1,"6":1,"7":0,"8":1},"f":{"0":1},"b":{"0":[0,1]},"_coverageSchema":"1a1c01bbd47fc00a2c39e90264f33305004495a9","hash":"68c005a680ae7df7aee0c06caf2ff4d14090d303"}
,"C:\\xampp\\htdocs\\techTest_dot\\controllers\\orders.js": {"path":"C:\\xampp\\htdocs\\techTest_dot\\controllers\\orders.js","statementMap":{"0":{"start":{"line":1,"column":15},"end":{"line":1,"column":42}},"1":{"start":{"line":2,"column":16},"end":{"line":2,"column":44}},"2":{"start":{"line":3,"column":15},"end":{"line":3,"column":30}},"3":{"start":{"line":4,"column":13},"end":{"line":4,"column":62}},"4":{"start":{"line":5,"column":14},"end":{"line":5,"column":36}},"5":{"start":{"line":6,"column":13},"end":{"line":6,"column":28}},"6":{"start":{"line":7,"column":24},"end":{"line":7,"column":39}},"7":{"start":{"line":11,"column":18},"end":{"line":55,"column":1}},"8":{"start":{"line":12,"column":4},"end":{"line":53,"column":5}},"9":{"start":{"line":14,"column":72},"end":{"line":14,"column":80}},"10":{"start":{"line":15,"column":27},"end":{"line":15,"column":35}},"11":{"start":{"line":16,"column":30},"end":{"line":16,"column":72}},"12":{"start":{"line":17,"column":8},"end":{"line":17,"column":34}},"13":{"start":{"line":19,"column":21},"end":{"line":27,"column":9}},"14":{"start":{"line":29,"column":8},"end":{"line":47,"column":10}},"15":{"start":{"line":30,"column":16},"end":{"line":30,"column":40}},"16":{"start":{"line":32,"column":36},"end":{"line":32,"column":54}},"17":{"start":{"line":33,"column":29},"end":{"line":33,"column":41}},"18":{"start":{"line":34,"column":16},"end":{"line":45,"column":18}},"19":{"start":{"line":35,"column":20},"end":{"line":39,"column":21}},"20":{"start":{"line":36,"column":24},"end":{"line":38,"column":26}},"21":{"start":{"line":41,"column":20},"end":{"line":44,"column":25}},"22":{"start":{"line":50,"column":8},"end":{"line":52,"column":10}},"23":{"start":{"line":57,"column":29},"end":{"line":94,"column":1}},"24":{"start":{"line":58,"column":4},"end":{"line":92,"column":5}},"25":{"start":{"line":60,"column":30},"end":{"line":60,"column":40}},"26":{"start":{"line":61,"column":8},"end":{"line":61,"column":32}},"27":{"start":{"line":62,"column":23},"end":{"line":62,"column":56}},"28":{"start":{"line":63,"column":25},"end":{"line":63,"column":73}},"29":{"start":{"line":64,"column":8},"end":{"line":64,"column":52}},"30":{"start":{"line":66,"column":21},"end":{"line":69,"column":9}},"31":{"start":{"line":72,"column":8},"end":{"line":83,"column":10}},"32":{"start":{"line":73,"column":12},"end":{"line":77,"column":13}},"33":{"start":{"line":74,"column":16},"end":{"line":76,"column":18}},"34":{"start":{"line":79,"column":12},"end":{"line":82,"column":17}},"35":{"start":{"line":89,"column":8},"end":{"line":91,"column":10}},"36":{"start":{"line":96,"column":27},"end":{"line":164,"column":1}},"37":{"start":{"line":97,"column":4},"end":{"line":162,"column":5}},"38":{"start":{"line":99,"column":23},"end":{"line":99,"column":31}},"39":{"start":{"line":100,"column":38},"end":{"line":100,"column":46}},"40":{"start":{"line":103,"column":21},"end":{"line":107,"column":9}},"41":{"start":{"line":110,"column":8},"end":{"line":157,"column":10}},"42":{"start":{"line":111,"column":12},"end":{"line":111,"column":49}},"43":{"start":{"line":112,"column":12},"end":{"line":156,"column":13}},"44":{"start":{"line":113,"column":24},"end":{"line":115,"column":26}},"45":{"start":{"line":117,"column":17},"end":{"line":156,"column":13}},"46":{"start":{"line":118,"column":16},"end":{"line":118,"column":43}},"47":{"start":{"line":119,"column":24},"end":{"line":121,"column":26}},"48":{"start":{"line":122,"column":19},"end":{"line":156,"column":13}},"49":{"start":{"line":123,"column":16},"end":{"line":123,"column":44}},"50":{"start":{"line":124,"column":13},"end":{"line":140,"column":18}},"51":{"start":{"line":125,"column":20},"end":{"line":125,"column":57}},"52":{"start":{"line":126,"column":20},"end":{"line":139,"column":22}},"53":{"start":{"line":127,"column":24},"end":{"line":133,"column":25}},"54":{"start":{"line":128,"column":28},"end":{"line":128,"column":72}},"55":{"start":{"line":129,"column":28},"end":{"line":131,"column":30}},"56":{"start":{"line":135,"column":24},"end":{"line":138,"column":29}},"57":{"start":{"line":143,"column":16},"end":{"line":143,"column":46}},"58":{"start":{"line":144,"column":16},"end":{"line":155,"column":18}},"59":{"start":{"line":145,"column":20},"end":{"line":149,"column":21}},"60":{"start":{"line":146,"column":24},"end":{"line":148,"column":26}},"61":{"start":{"line":151,"column":20},"end":{"line":154,"column":25}},"62":{"start":{"line":159,"column":8},"end":{"line":161,"column":10}},"63":{"start":{"line":166,"column":27},"end":{"line":195,"column":1}},"64":{"start":{"line":167,"column":4},"end":{"line":193,"column":5}},"65":{"start":{"line":171,"column":8},"end":{"line":184,"column":10}},"66":{"start":{"line":173,"column":12},"end":{"line":177,"column":13}},"67":{"start":{"line":174,"column":16},"end":{"line":176,"column":18}},"68":{"start":{"line":179,"column":12},"end":{"line":183,"column":17}},"69":{"start":{"line":190,"column":8},"end":{"line":192,"column":10}},"70":{"start":{"line":196,"column":0},"end":{"line":196,"column":90}}},"fnMap":{"0":{"name":"(anonymous_0)","decl":{"start":{"line":11,"column":18},"end":{"line":11,"column":19}},"loc":{"start":{"line":11,"column":36},"end":{"line":55,"column":1}},"line":11},"1":{"name":"(anonymous_1)","decl":{"start":{"line":29,"column":40},"end":{"line":29,"column":41}},"loc":{"start":{"line":29,"column":63},"end":{"line":47,"column":9}},"line":29},"2":{"name":"(anonymous_2)","decl":{"start":{"line":34,"column":40},"end":{"line":34,"column":41}},"loc":{"start":{"line":34,"column":63},"end":{"line":45,"column":17}},"line":34},"3":{"name":"(anonymous_3)","decl":{"start":{"line":57,"column":29},"end":{"line":57,"column":30}},"loc":{"start":{"line":57,"column":47},"end":{"line":94,"column":1}},"line":57},"4":{"name":"(anonymous_4)","decl":{"start":{"line":72,"column":41},"end":{"line":72,"column":42}},"loc":{"start":{"line":72,"column":64},"end":{"line":83,"column":9}},"line":72},"5":{"name":"(anonymous_5)","decl":{"start":{"line":96,"column":27},"end":{"line":96,"column":28}},"loc":{"start":{"line":96,"column":45},"end":{"line":164,"column":1}},"line":96},"6":{"name":"(anonymous_6)","decl":{"start":{"line":110,"column":49},"end":{"line":110,"column":50}},"loc":{"start":{"line":110,"column":71},"end":{"line":157,"column":9}},"line":110},"7":{"name":"(anonymous_7)","decl":{"start":{"line":124,"column":41},"end":{"line":124,"column":42}},"loc":{"start":{"line":124,"column":63},"end":{"line":140,"column":17}},"line":124},"8":{"name":"(anonymous_8)","decl":{"start":{"line":126,"column":53},"end":{"line":126,"column":54}},"loc":{"start":{"line":126,"column":75},"end":{"line":139,"column":21}},"line":126},"9":{"name":"(anonymous_9)","decl":{"start":{"line":144,"column":47},"end":{"line":144,"column":48}},"loc":{"start":{"line":144,"column":70},"end":{"line":155,"column":17}},"line":144},"10":{"name":"(anonymous_10)","decl":{"start":{"line":166,"column":27},"end":{"line":166,"column":28}},"loc":{"start":{"line":166,"column":45},"end":{"line":195,"column":1}},"line":166},"11":{"name":"(anonymous_11)","decl":{"start":{"line":171,"column":25},"end":{"line":171,"column":26}},"loc":{"start":{"line":171,"column":48},"end":{"line":184,"column":9}},"line":171}},"branchMap":{"0":{"loc":{"start":{"line":35,"column":20},"end":{"line":39,"column":21}},"type":"if","locations":[{"start":{"line":35,"column":20},"end":{"line":39,"column":21}},{"start":{},"end":{}}],"line":35},"1":{"loc":{"start":{"line":62,"column":23},"end":{"line":62,"column":56}},"type":"cond-expr","locations":[{"start":{"line":62,"column":34},"end":{"line":62,"column":51}},{"start":{"line":62,"column":54},"end":{"line":62,"column":56}}],"line":62},"2":{"loc":{"start":{"line":73,"column":12},"end":{"line":77,"column":13}},"type":"if","locations":[{"start":{"line":73,"column":12},"end":{"line":77,"column":13}},{"start":{},"end":{}}],"line":73},"3":{"loc":{"start":{"line":112,"column":12},"end":{"line":156,"column":13}},"type":"if","locations":[{"start":{"line":112,"column":12},"end":{"line":156,"column":13}},{"start":{"line":117,"column":17},"end":{"line":156,"column":13}}],"line":112},"4":{"loc":{"start":{"line":117,"column":17},"end":{"line":156,"column":13}},"type":"if","locations":[{"start":{"line":117,"column":17},"end":{"line":156,"column":13}},{"start":{"line":122,"column":19},"end":{"line":156,"column":13}}],"line":117},"5":{"loc":{"start":{"line":117,"column":20},"end":{"line":117,"column":77}},"type":"binary-expr","locations":[{"start":{"line":117,"column":20},"end":{"line":117,"column":45}},{"start":{"line":117,"column":48},"end":{"line":117,"column":77}}],"line":117},"6":{"loc":{"start":{"line":122,"column":19},"end":{"line":156,"column":13}},"type":"if","locations":[{"start":{"line":122,"column":19},"end":{"line":156,"column":13}},{"start":{"line":142,"column":17},"end":{"line":156,"column":13}}],"line":122},"7":{"loc":{"start":{"line":127,"column":24},"end":{"line":133,"column":25}},"type":"if","locations":[{"start":{"line":127,"column":24},"end":{"line":133,"column":25}},{"start":{},"end":{}}],"line":127},"8":{"loc":{"start":{"line":145,"column":20},"end":{"line":149,"column":21}},"type":"if","locations":[{"start":{"line":145,"column":20},"end":{"line":149,"column":21}},{"start":{},"end":{}}],"line":145},"9":{"loc":{"start":{"line":173,"column":12},"end":{"line":177,"column":13}},"type":"if","locations":[{"start":{"line":173,"column":12},"end":{"line":177,"column":13}},{"start":{},"end":{}}],"line":173}},"s":{"0":1,"1":1,"2":1,"3":1,"4":1,"5":1,"6":1,"7":1,"8":1,"9":1,"10":1,"11":1,"12":1,"13":1,"14":1,"15":1,"16":1,"17":1,"18":1,"19":1,"20":0,"21":1,"22":0,"23":1,"24":0,"25":0,"26":0,"27":0,"28":0,"29":0,"30":0,"31":0,"32":0,"33":0,"34":0,"35":0,"36":1,"37":0,"38":0,"39":0,"40":0,"41":0,"42":0,"43":0,"44":0,"45":0,"46":0,"47":0,"48":0,"49":0,"50":0,"51":0,"52":0,"53":0,"54":0,"55":0,"56":0,"57":0,"58":0,"59":0,"60":0,"61":0,"62":0,"63":1,"64":0,"65":0,"66":0,"67":0,"68":0,"69":0,"70":1},"f":{"0":1,"1":1,"2":1,"3":0,"4":0,"5":0,"6":0,"7":0,"8":0,"9":0,"10":0,"11":0},"b":{"0":[0,1],"1":[0,0],"2":[0,0],"3":[0,0],"4":[0,0],"5":[0,0],"6":[0,0],"7":[0,0],"8":[0,0],"9":[0,0]},"_coverageSchema":"1a1c01bbd47fc00a2c39e90264f33305004495a9","hash":"50cbf37246b50e638d968dbd99480980575e5d50"}
,"C:\\xampp\\htdocs\\techTest_dot\\controllers\\payment.js": {"path":"C:\\xampp\\htdocs\\techTest_dot\\controllers\\payment.js","statementMap":{"0":{"start":{"line":1,"column":16},"end":{"line":1,"column":44}},"1":{"start":{"line":4,"column":23},"end":{"line":13,"column":1}},"2":{"start":{"line":6,"column":4},"end":{"line":12,"column":6}},"3":{"start":{"line":7,"column":8},"end":{"line":11,"column":13}},"4":{"start":{"line":15,"column":0},"end":{"line":15,"column":33}}},"fnMap":{"0":{"name":"(anonymous_0)","decl":{"start":{"line":4,"column":23},"end":{"line":4,"column":24}},"loc":{"start":{"line":4,"column":41},"end":{"line":13,"column":1}},"line":4},"1":{"name":"(anonymous_1)","decl":{"start":{"line":6,"column":20},"end":{"line":6,"column":21}},"loc":{"start":{"line":6,"column":43},"end":{"line":12,"column":5}},"line":6}},"branchMap":{},"s":{"0":1,"1":1,"2":0,"3":0,"4":1},"f":{"0":0,"1":0},"b":{},"_coverageSchema":"1a1c01bbd47fc00a2c39e90264f33305004495a9","hash":"b1fee6a23195974a61f7bac6e418f8f24595756b"}
,"C:\\xampp\\htdocs\\techTest_dot\\controllers\\user.js": {"path":"C:\\xampp\\htdocs\\techTest_dot\\controllers\\user.js","statementMap":{"0":{"start":{"line":1,"column":17},"end":{"line":1,"column":42}},"1":{"start":{"line":2,"column":12},"end":{"line":2,"column":35}},"2":{"start":{"line":3,"column":17},"end":{"line":3,"column":45}},"3":{"start":{"line":5,"column":24},"end":{"line":48,"column":1}},"4":{"start":{"line":6,"column":17},"end":{"line":9,"column":5}},"5":{"start":{"line":11,"column":4},"end":{"line":47,"column":5}},"6":{"start":{"line":12,"column":10},"end":{"line":41,"column":10}},"7":{"start":{"line":13,"column":27},"end":{"line":13,"column":34}},"8":{"start":{"line":14,"column":12},"end":{"line":18,"column":13}},"9":{"start":{"line":15,"column":16},"end":{"line":17,"column":18}},"10":{"start":{"line":20,"column":12},"end":{"line":20,"column":34}},"11":{"start":{"line":22,"column":26},"end":{"line":25,"column":15}},"12":{"start":{"line":27,"column":26},"end":{"line":27,"column":80}},"13":{"start":{"line":28,"column":12},"end":{"line":28,"column":30}},"14":{"start":{"line":29,"column":12},"end":{"line":40,"column":13}},"15":{"start":{"line":30,"column":16},"end":{"line":35,"column":18}},"16":{"start":{"line":37,"column":16},"end":{"line":39,"column":18}},"17":{"start":{"line":44,"column":8},"end":{"line":46,"column":10}},"18":{"start":{"line":50,"column":0},"end":{"line":50,"column":34}}},"fnMap":{"0":{"name":"(anonymous_0)","decl":{"start":{"line":5,"column":24},"end":{"line":5,"column":25}},"loc":{"start":{"line":5,"column":44},"end":{"line":48,"column":1}},"line":5},"1":{"name":"(anonymous_1)","decl":{"start":{"line":12,"column":33},"end":{"line":12,"column":34}},"loc":{"start":{"line":12,"column":61},"end":{"line":41,"column":9}},"line":12}},"branchMap":{"0":{"loc":{"start":{"line":14,"column":12},"end":{"line":18,"column":13}},"type":"if","locations":[{"start":{"line":14,"column":12},"end":{"line":18,"column":13}},{"start":{},"end":{}}],"line":14},"1":{"loc":{"start":{"line":29,"column":12},"end":{"line":40,"column":13}},"type":"if","locations":[{"start":{"line":29,"column":12},"end":{"line":40,"column":13}},{"start":{"line":36,"column":17},"end":{"line":40,"column":13}}],"line":29}},"s":{"0":1,"1":1,"2":1,"3":1,"4":2,"5":2,"6":2,"7":2,"8":2,"9":0,"10":2,"11":2,"12":2,"13":2,"14":2,"15":2,"16":0,"17":0,"18":1},"f":{"0":2,"1":2},"b":{"0":[0,2],"1":[2,0]},"_coverageSchema":"1a1c01bbd47fc00a2c39e90264f33305004495a9","hash":"a8c44873a72344c1b0e96bbe8db7676c20118ac7"}
,"C:\\xampp\\htdocs\\techTest_dot\\lib\\upload.js": {"path":"C:\\xampp\\htdocs\\techTest_dot\\lib\\upload.js","statementMap":{"0":{"start":{"line":1,"column":15},"end":{"line":1,"column":32}},"1":{"start":{"line":3,"column":14},"end":{"line":10,"column":4}},"2":{"start":{"line":5,"column":6},"end":{"line":5,"column":26}},"3":{"start":{"line":8,"column":6},"end":{"line":8,"column":36}},"4":{"start":{"line":12,"column":17},"end":{"line":12,"column":45}},"5":{"start":{"line":14,"column":2},"end":{"line":26,"column":3}},"6":{"start":{"line":15,"column":4},"end":{"line":25,"column":5}},"7":{"start":{"line":15,"column":8},"end":{"line":21,"column":8}},"8":{"start":{"line":19,"column":8},"end":{"line":19,"column":68}},"9":{"start":{"line":19,"column":23},"end":{"line":19,"column":68}},"10":{"start":{"line":20,"column":8},"end":{"line":20,"column":14}},"11":{"start":{"line":23,"column":5},"end":{"line":23,"column":35}}},"fnMap":{"0":{"name":"(anonymous_0)","decl":{"start":{"line":4,"column":17},"end":{"line":4,"column":18}},"loc":{"start":{"line":4,"column":42},"end":{"line":6,"column":5}},"line":4},"1":{"name":"(anonymous_1)","decl":{"start":{"line":7,"column":14},"end":{"line":7,"column":15}},"loc":{"start":{"line":7,"column":39},"end":{"line":9,"column":5}},"line":7},"2":{"name":"(anonymous_2)","decl":{"start":{"line":14,"column":24},"end":{"line":14,"column":25}},"loc":{"start":{"line":14,"column":44},"end":{"line":26,"column":3}},"line":14},"3":{"name":"(anonymous_3)","decl":{"start":{"line":15,"column":49},"end":{"line":15,"column":50}},"loc":{"start":{"line":15,"column":55},"end":{"line":21,"column":7}},"line":15}},"branchMap":{"0":{"loc":{"start":{"line":19,"column":8},"end":{"line":19,"column":68}},"type":"if","locations":[{"start":{"line":19,"column":8},"end":{"line":19,"column":68}},{"start":{},"end":{}}],"line":19}},"s":{"0":1,"1":1,"2":0,"3":0,"4":1,"5":1,"6":0,"7":0,"8":0,"9":0,"10":0,"11":0},"f":{"0":0,"1":0,"2":0,"3":0},"b":{"0":[0,0]},"_coverageSchema":"1a1c01bbd47fc00a2c39e90264f33305004495a9","hash":"334cb14ecda64aa3b327b7ce18bb142e4738a1bf"}
,"C:\\xampp\\htdocs\\techTest_dot\\middleware\\auth.js": {"path":"C:\\xampp\\htdocs\\techTest_dot\\middleware\\auth.js","statementMap":{"0":{"start":{"line":1,"column":12},"end":{"line":1,"column":35}},"1":{"start":{"line":2,"column":13},"end":{"line":2,"column":38}},"2":{"start":{"line":3,"column":15},"end":{"line":3,"column":32}},"3":{"start":{"line":4,"column":0},"end":{"line":4,"column":16}},"4":{"start":{"line":5,"column":13},"end":{"line":31,"column":1}},"5":{"start":{"line":6,"column":2},"end":{"line":30,"column":3}},"6":{"start":{"line":8,"column":24},"end":{"line":8,"column":49}},"7":{"start":{"line":11,"column":4},"end":{"line":16,"column":5}},"8":{"start":{"line":12,"column":6},"end":{"line":15,"column":9}},"9":{"start":{"line":17,"column":20},"end":{"line":17,"column":54}},"10":{"start":{"line":19,"column":3},"end":{"line":23,"column":5}},"11":{"start":{"line":21,"column":4},"end":{"line":21,"column":22}},"12":{"start":{"line":22,"column":4},"end":{"line":22,"column":10}},"13":{"start":{"line":25,"column":4},"end":{"line":29,"column":7}},"14":{"start":{"line":33,"column":16},"end":{"line":47,"column":1}},"15":{"start":{"line":34,"column":2},"end":{"line":46,"column":3}},"16":{"start":{"line":35,"column":4},"end":{"line":39,"column":7}},"17":{"start":{"line":37,"column":6},"end":{"line":37,"column":42}},"18":{"start":{"line":37,"column":36},"end":{"line":37,"column":42}},"19":{"start":{"line":40,"column":4},"end":{"line":40,"column":22}},"20":{"start":{"line":42,"column":4},"end":{"line":45,"column":7}},"21":{"start":{"line":48,"column":0},"end":{"line":48,"column":33}}},"fnMap":{"0":{"name":"(anonymous_0)","decl":{"start":{"line":5,"column":13},"end":{"line":5,"column":14}},"loc":{"start":{"line":5,"column":33},"end":{"line":31,"column":1}},"line":5},"1":{"name":"(anonymous_1)","decl":{"start":{"line":19,"column":29},"end":{"line":19,"column":30}},"loc":{"start":{"line":19,"column":52},"end":{"line":23,"column":4}},"line":19},"2":{"name":"(anonymous_2)","decl":{"start":{"line":33,"column":16},"end":{"line":33,"column":17}},"loc":{"start":{"line":33,"column":42},"end":{"line":47,"column":1}},"line":33},"3":{"name":"(anonymous_3)","decl":{"start":{"line":35,"column":31},"end":{"line":35,"column":32}},"loc":{"start":{"line":35,"column":54},"end":{"line":39,"column":6}},"line":35}},"branchMap":{"0":{"loc":{"start":{"line":11,"column":4},"end":{"line":16,"column":5}},"type":"if","locations":[{"start":{"line":11,"column":4},"end":{"line":16,"column":5}},{"start":{},"end":{}}],"line":11},"1":{"loc":{"start":{"line":37,"column":6},"end":{"line":37,"column":42}},"type":"if","locations":[{"start":{"line":37,"column":6},"end":{"line":37,"column":42}},{"start":{},"end":{}}],"line":37}},"s":{"0":1,"1":1,"2":1,"3":1,"4":1,"5":2,"6":2,"7":2,"8":0,"9":2,"10":1,"11":1,"12":1,"13":1,"14":1,"15":0,"16":0,"17":0,"18":0,"19":0,"20":0,"21":1},"f":{"0":2,"1":1,"2":0,"3":0},"b":{"0":[0,2],"1":[0,0]},"_coverageSchema":"1a1c01bbd47fc00a2c39e90264f33305004495a9","hash":"a0c9f6ecb018b348eccc1ecaf42b94680d1447e9"}
,"C:\\xampp\\htdocs\\techTest_dot\\models\\orders.js": {"path":"C:\\xampp\\htdocs\\techTest_dot\\models\\orders.js","statementMap":{"0":{"start":{"line":1,"column":13},"end":{"line":1,"column":36}},"1":{"start":{"line":3,"column":19},"end":{"line":12,"column":1}},"2":{"start":{"line":8,"column":16},"end":{"line":8,"column":320}},"3":{"start":{"line":10,"column":4},"end":{"line":10,"column":35}},"4":{"start":{"line":16,"column":22},"end":{"line":21,"column":1}},"5":{"start":{"line":18,"column":4},"end":{"line":18,"column":108}},"6":{"start":{"line":23,"column":16},"end":{"line":28,"column":1}},"7":{"start":{"line":25,"column":4},"end":{"line":25,"column":54}},"8":{"start":{"line":30,"column":29},"end":{"line":35,"column":1}},"9":{"start":{"line":32,"column":4},"end":{"line":32,"column":99}},"10":{"start":{"line":39,"column":27},"end":{"line":44,"column":1}},"11":{"start":{"line":41,"column":4},"end":{"line":41,"column":161}},"12":{"start":{"line":46,"column":25},"end":{"line":52,"column":1}},"13":{"start":{"line":49,"column":4},"end":{"line":49,"column":154}},"14":{"start":{"line":54,"column":27},"end":{"line":60,"column":1}},"15":{"start":{"line":57,"column":4},"end":{"line":57,"column":192}},"16":{"start":{"line":63,"column":0},"end":{"line":63,"column":133}}},"fnMap":{"0":{"name":"(anonymous_0)","decl":{"start":{"line":3,"column":19},"end":{"line":3,"column":20}},"loc":{"start":{"line":3,"column":38},"end":{"line":12,"column":1}},"line":3},"1":{"name":"(anonymous_1)","decl":{"start":{"line":16,"column":22},"end":{"line":16,"column":23}},"loc":{"start":{"line":16,"column":41},"end":{"line":21,"column":1}},"line":16},"2":{"name":"(anonymous_2)","decl":{"start":{"line":23,"column":16},"end":{"line":23,"column":17}},"loc":{"start":{"line":23,"column":30},"end":{"line":28,"column":1}},"line":23},"3":{"name":"(anonymous_3)","decl":{"start":{"line":30,"column":29},"end":{"line":30,"column":30}},"loc":{"start":{"line":30,"column":48},"end":{"line":35,"column":1}},"line":30},"4":{"name":"(anonymous_4)","decl":{"start":{"line":39,"column":27},"end":{"line":39,"column":28}},"loc":{"start":{"line":39,"column":46},"end":{"line":44,"column":1}},"line":39},"5":{"name":"(anonymous_5)","decl":{"start":{"line":46,"column":25},"end":{"line":46,"column":26}},"loc":{"start":{"line":46,"column":44},"end":{"line":52,"column":1}},"line":46},"6":{"name":"(anonymous_6)","decl":{"start":{"line":54,"column":27},"end":{"line":54,"column":28}},"loc":{"start":{"line":54,"column":46},"end":{"line":60,"column":1}},"line":54}},"branchMap":{},"s":{"0":1,"1":1,"2":1,"3":1,"4":1,"5":0,"6":1,"7":0,"8":1,"9":0,"10":1,"11":0,"12":1,"13":0,"14":1,"15":0,"16":1},"f":{"0":1,"1":0,"2":0,"3":0,"4":0,"5":0,"6":0},"b":{},"_coverageSchema":"1a1c01bbd47fc00a2c39e90264f33305004495a9","hash":"0346eb182f3375aa179d7d1921d0250929404bbe"}
,"C:\\xampp\\htdocs\\techTest_dot\\models\\payment.js": {"path":"C:\\xampp\\htdocs\\techTest_dot\\models\\payment.js","statementMap":{"0":{"start":{"line":1,"column":13},"end":{"line":1,"column":36}},"1":{"start":{"line":3,"column":17},"end":{"line":9,"column":1}},"2":{"start":{"line":4,"column":4},"end":{"line":4,"column":21}},"3":{"start":{"line":6,"column":4},"end":{"line":6,"column":79}},"4":{"start":{"line":11,"column":16},"end":{"line":16,"column":1}},"5":{"start":{"line":13,"column":4},"end":{"line":13,"column":55}},"6":{"start":{"line":18,"column":0},"end":{"line":18,"column":36}}},"fnMap":{"0":{"name":"(anonymous_0)","decl":{"start":{"line":3,"column":17},"end":{"line":3,"column":18}},"loc":{"start":{"line":3,"column":36},"end":{"line":9,"column":1}},"line":3},"1":{"name":"(anonymous_1)","decl":{"start":{"line":11,"column":16},"end":{"line":11,"column":17}},"loc":{"start":{"line":11,"column":30},"end":{"line":16,"column":1}},"line":11}},"branchMap":{},"s":{"0":1,"1":1,"2":1,"3":1,"4":1,"5":0,"6":1},"f":{"0":1,"1":0},"b":{},"_coverageSchema":"1a1c01bbd47fc00a2c39e90264f33305004495a9","hash":"cbba0c7b3b4b75d8f58c53f17912d4487027785e"}
,"C:\\xampp\\htdocs\\techTest_dot\\models\\user.js": {"path":"C:\\xampp\\htdocs\\techTest_dot\\models\\user.js","statementMap":{"0":{"start":{"line":1,"column":13},"end":{"line":1,"column":36}},"1":{"start":{"line":3,"column":14},"end":{"line":8,"column":1}},"2":{"start":{"line":5,"column":4},"end":{"line":5,"column":77}},"3":{"start":{"line":9,"column":17},"end":{"line":14,"column":1}},"4":{"start":{"line":11,"column":4},"end":{"line":11,"column":74}},"5":{"start":{"line":17,"column":0},"end":{"line":17,"column":34}}},"fnMap":{"0":{"name":"(anonymous_0)","decl":{"start":{"line":3,"column":14},"end":{"line":3,"column":15}},"loc":{"start":{"line":3,"column":33},"end":{"line":8,"column":1}},"line":3},"1":{"name":"(anonymous_1)","decl":{"start":{"line":9,"column":17},"end":{"line":9,"column":18}},"loc":{"start":{"line":9,"column":36},"end":{"line":14,"column":1}},"line":9}},"branchMap":{},"s":{"0":1,"1":1,"2":2,"3":1,"4":1,"5":1},"f":{"0":2,"1":1},"b":{},"_coverageSchema":"1a1c01bbd47fc00a2c39e90264f33305004495a9","hash":"3f986227edb2cbe844b717d915c92e56f42093f9"}
,"C:\\xampp\\htdocs\\techTest_dot\\routes\\orderRoutes.js": {"path":"C:\\xampp\\htdocs\\techTest_dot\\routes\\orderRoutes.js","statementMap":{"0":{"start":{"line":1,"column":16},"end":{"line":1,"column":34}},"1":{"start":{"line":2,"column":15},"end":{"line":2,"column":31}},"2":{"start":{"line":3,"column":25},"end":{"line":3,"column":57}},"3":{"start":{"line":4,"column":15},"end":{"line":4,"column":39}},"4":{"start":{"line":5,"column":22},"end":{"line":5,"column":51}},"5":{"start":{"line":8,"column":0},"end":{"line":8,"column":74}},"6":{"start":{"line":9,"column":0},"end":{"line":9,"column":119}},"7":{"start":{"line":10,"column":0},"end":{"line":10,"column":107}},"8":{"start":{"line":11,"column":0},"end":{"line":11,"column":107}},"9":{"start":{"line":12,"column":0},"end":{"line":12,"column":23}}},"fnMap":{},"branchMap":{},"s":{"0":1,"1":1,"2":1,"3":1,"4":1,"5":1,"6":1,"7":1,"8":1,"9":1},"f":{},"b":{},"_coverageSchema":"1a1c01bbd47fc00a2c39e90264f33305004495a9","hash":"ebbd28fdf30e1f6f91a951d7debc97ad16349df2"}
,"C:\\xampp\\htdocs\\techTest_dot\\routes\\paymentRoutes.js": {"path":"C:\\xampp\\htdocs\\techTest_dot\\routes\\paymentRoutes.js","statementMap":{"0":{"start":{"line":1,"column":16},"end":{"line":1,"column":34}},"1":{"start":{"line":2,"column":15},"end":{"line":2,"column":31}},"2":{"start":{"line":3,"column":27},"end":{"line":3,"column":60}},"3":{"start":{"line":4,"column":22},"end":{"line":4,"column":51}},"4":{"start":{"line":6,"column":0},"end":{"line":6,"column":80}},"5":{"start":{"line":9,"column":0},"end":{"line":9,"column":23}}},"fnMap":{},"branchMap":{},"s":{"0":1,"1":1,"2":1,"3":1,"4":1,"5":1},"f":{},"b":{},"_coverageSchema":"1a1c01bbd47fc00a2c39e90264f33305004495a9","hash":"fc0e85fa2e4dbbf66bc6897ed9e92495390cab73"}
,"C:\\xampp\\htdocs\\techTest_dot\\routes\\userRoutes.js": {"path":"C:\\xampp\\htdocs\\techTest_dot\\routes\\userRoutes.js","statementMap":{"0":{"start":{"line":1,"column":16},"end":{"line":1,"column":34}},"1":{"start":{"line":2,"column":15},"end":{"line":2,"column":31}},"2":{"start":{"line":3,"column":24},"end":{"line":3,"column":54}},"3":{"start":{"line":5,"column":0},"end":{"line":5,"column":54}},"4":{"start":{"line":7,"column":0},"end":{"line":7,"column":23}}},"fnMap":{},"branchMap":{},"s":{"0":1,"1":1,"2":1,"3":1,"4":1},"f":{},"b":{},"_coverageSchema":"1a1c01bbd47fc00a2c39e90264f33305004495a9","hash":"b5285b7dfdfc4facd7f2b15813e00b206fa1992b"}
,"C:\\xampp\\htdocs\\techTest_dot\\utils\\password.js": {"path":"C:\\xampp\\htdocs\\techTest_dot\\utils\\password.js","statementMap":{"0":{"start":{"line":1,"column":15},"end":{"line":1,"column":32}},"1":{"start":{"line":3,"column":11},"end":{"line":3,"column":185}},"2":{"start":{"line":7,"column":4},"end":{"line":7,"column":96}},"3":{"start":{"line":10,"column":20},"end":{"line":13,"column":1}},"4":{"start":{"line":11,"column":17},"end":{"line":11,"column":40}},"5":{"start":{"line":12,"column":4},"end":{"line":12,"column":15}},"6":{"start":{"line":18,"column":22},"end":{"line":21,"column":1}},"7":{"start":{"line":19,"column":26},"end":{"line":19,"column":95}},"8":{"start":{"line":20,"column":4},"end":{"line":20,"column":42}},"9":{"start":{"line":24,"column":0},"end":{"line":24,"column":46}}},"fnMap":{"0":{"name":"hash_password","decl":{"start":{"line":6,"column":10},"end":{"line":6,"column":23}},"loc":{"start":{"line":6,"column":34},"end":{"line":8,"column":1}},"line":6},"1":{"name":"(anonymous_1)","decl":{"start":{"line":10,"column":20},"end":{"line":10,"column":21}},"loc":{"start":{"line":10,"column":39},"end":{"line":13,"column":1}},"line":10},"2":{"name":"(anonymous_2)","decl":{"start":{"line":18,"column":22},"end":{"line":18,"column":23}},"loc":{"start":{"line":18,"column":56},"end":{"line":21,"column":1}},"line":18}},"branchMap":{},"s":{"0":1,"1":1,"2":0,"3":1,"4":0,"5":0,"6":1,"7":2,"8":2,"9":1},"f":{"0":0,"1":0,"2":2},"b":{},"_coverageSchema":"1a1c01bbd47fc00a2c39e90264f33305004495a9","hash":"143f86e414c406b5e8bbc0ce9a9ca7195f1f658e"}
}
